<?xml version="1.0" encoding="UTF-8"?>
<testng-results skipped="0" failed="0" total="1" passed="1">
  <reporter-output>
  </reporter-output>
  <suite name="Suite" duration-ms="36410" started-at="2017-08-31T23:20:10Z" finished-at="2017-08-31T23:20:46Z">
    <groups>
    </groups>
    <test name="Test" duration-ms="36410" started-at="2017-08-31T23:20:10Z" finished-at="2017-08-31T23:20:46Z">
      <class name="com.gmail.test">
        <test-method status="PASS" signature="login(java.lang.String)[pri:0, instance:com.gmail.test@2ef9b8bc]" name="login" is-config="true" duration-ms="11792" started-at="2017-08-31T16:20:10Z" finished-at="2017-08-31T16:20:22Z">
          <params>
            <param index="0">
              <value>
                <![CDATA[https://www.gmail.com]]>
              </value>
            </param>
          </params>
          <reporter-output>
          </reporter-output>
        </test-method> <!-- login -->
        <test-method status="PASS" signature="method(java.lang.String, java.lang.String)[pri:0, instance:com.gmail.test@2ef9b8bc]" name="method" duration-ms="18432" started-at="2017-08-31T16:20:22Z" finished-at="2017-08-31T16:20:40Z">
          <params>
            <param index="0">
              <value>
                <![CDATA[vkverygood@gmail.com]]>
              </value>
            </param>
            <param index="1">
              <value>
                <![CDATA[BadguY@18]]>
              </value>
            </param>
          </params>
          <reporter-output>
          </reporter-output>
        </test-method> <!-- method -->
        <test-method status="PASS" signature="teardown()[pri:0, instance:com.gmail.test@2ef9b8bc]" name="teardown" is-config="true" duration-ms="6149" started-at="2017-08-31T16:20:40Z" finished-at="2017-08-31T16:20:46Z">
          <reporter-output>
          </reporter-output>
        </test-method> <!-- teardown -->
      </class> <!-- com.gmail.test -->
    </test> <!-- Test -->
  </suite> <!-- Suite -->
</testng-results>
